<?xml version="1.0" encoding="UTF-8"?>
<testsuite name="ReverseStringTest" tests="6" skipped="0" failures="0" errors="0" timestamp="2024-10-08T20:58:29" hostname="DESKTOP-3D3U21F" time="0.066">
  <properties/>
  <testcase name="testAWord()" classname="ReverseStringTest" time="0.058"/>
  <testcase name="testAnEmptyString()" classname="ReverseStringTest" time="0.001"/>
  <testcase name="testACapitalizedWord()" classname="ReverseStringTest" time="0.0"/>
  <testcase name="testASentenceWithPunctuation()" classname="ReverseStringTest" time="0.001"/>
  <testcase name="testAPalindrome()" classname="ReverseStringTest" time="0.001"/>
  <testcase name="testAnEvenSizedWord()" classname="ReverseStringTest" time="0.0"/>
  <system-out><![CDATA[]]></system-out>
  <system-err><![CDATA[]]></system-err>
</testsuite>
