<?xml version="1.0" encoding="UTF-8"?>
<testsuite name="GreeterTest" tests="1" skipped="0" failures="0" errors="0" timestamp="2024-10-02T14:15:35" hostname="DESKTOP-3D3U21F" time="0.051">
  <properties/>
  <testcase name="testThatGreeterReturnsTheCorrectGreeting()" classname="GreeterTest" time="0.051"/>
  <system-out><![CDATA[]]></system-out>
  <system-err><![CDATA[]]></system-err>
</testsuite>
