<?xml version="1.0" encoding="UTF-8"?>
<testsuite name="CaptainsLogTest" tests="6" skipped="0" failures="0" errors="0" timestamp="2024-10-10T15:45:45" hostname="DESKTOP-3D3U21F" time="0.067">
  <properties/>
  <testcase name="Generating a random stardate" classname="CaptainsLogTest" time="0.051"/>
  <testcase name="Generated stardates are valid" classname="CaptainsLogTest" time="0.002"/>
  <testcase name="Generated ship registry numbers are valid" classname="CaptainsLogTest" time="0.004"/>
  <testcase name="Generating a random ship registry number" classname="CaptainsLogTest" time="0.003"/>
  <testcase name="Generated planet classes are valid" classname="CaptainsLogTest" time="0.002"/>
  <testcase name="Generating a random planet class" classname="CaptainsLogTest" time="0.0"/>
  <system-out><![CDATA[]]></system-out>
  <system-err><![CDATA[]]></system-err>
</testsuite>
