<?xml version="1.0" encoding="UTF-8"?>
<testsuite name="TwoferTest" tests="3" skipped="0" failures="0" errors="0" timestamp="2024-10-07T15:00:25" hostname="DESKTOP-3D3U21F" time="0.059">
  <properties/>
  <testcase name="noNameGiven()" classname="TwoferTest" time="0.052"/>
  <testcase name="aNameGiven()" classname="TwoferTest" time="0.004"/>
  <testcase name="anotherNameGiven()" classname="TwoferTest" time="0.001"/>
  <system-out><![CDATA[]]></system-out>
  <system-err><![CDATA[]]></system-err>
</testsuite>
